mode: set
github.com/viettuan1807/go-snowflake/snowflake.go:14.36,15.28 1 0
github.com/viettuan1807/go-snowflake/snowflake.go:15.28,15.47 1 0
github.com/viettuan1807/go-snowflake/snowflake.go:18.40,19.28 1 0
github.com/viettuan1807/go-snowflake/snowflake.go:19.28,19.51 1 0
github.com/viettuan1807/go-snowflake/snowflake.go:22.44,23.28 1 0
github.com/viettuan1807/go-snowflake/snowflake.go:23.28,23.55 1 0
github.com/viettuan1807/go-snowflake/snowflake.go:26.40,27.28 1 0
github.com/viettuan1807/go-snowflake/snowflake.go:27.28,27.51 1 0
github.com/viettuan1807/go-snowflake/snowflake.go:30.42,31.28 1 0
github.com/viettuan1807/go-snowflake/snowflake.go:31.28,31.53 1 0
github.com/viettuan1807/go-snowflake/snowflake.go:34.43,35.28 1 0
github.com/viettuan1807/go-snowflake/snowflake.go:35.28,35.54 1 0
github.com/viettuan1807/go-snowflake/snowflake.go:38.42,39.28 1 0
github.com/viettuan1807/go-snowflake/snowflake.go:39.28,39.54 1 0
github.com/viettuan1807/go-snowflake/snowflake.go:42.50,43.28 1 0
github.com/viettuan1807/go-snowflake/snowflake.go:43.28,43.61 1 0
github.com/viettuan1807/go-snowflake/snowflake.go:46.59,47.28 1 0
github.com/viettuan1807/go-snowflake/snowflake.go:47.28,47.45 1 0
github.com/viettuan1807/go-snowflake/snowflake.go:74.62,87.34 2 0
github.com/viettuan1807/go-snowflake/snowflake.go:87.34,89.4 1 0
github.com/viettuan1807/go-snowflake/snowflake.go:93.2,93.27 1 0
github.com/viettuan1807/go-snowflake/snowflake.go:93.27,95.3 1 0
github.com/viettuan1807/go-snowflake/snowflake.go:98.2,99.20 2 0
github.com/viettuan1807/go-snowflake/snowflake.go:99.20,105.4 1 0
github.com/viettuan1807/go-snowflake/snowflake.go:109.2,116.46 7 0
github.com/viettuan1807/go-snowflake/snowflake.go:116.46,117.34 1 0
github.com/viettuan1807/go-snowflake/snowflake.go:119.2,119.62 1 0
github.com/viettuan1807/go-snowflake/snowflake.go:119.62,120.38 1 0
github.com/viettuan1807/go-snowflake/snowflake.go:123.2,126.18 3 0
github.com/viettuan1807/go-snowflake/snowflake.go:126.18,127.34 1 0
github.com/viettuan1807/go-snowflake/snowflake.go:127.34,128.50 1 0
github.com/viettuan1807/go-snowflake/snowflake.go:130.3,130.25 1 0
github.com/viettuan1807/go-snowflake/snowflake.go:133.2,133.10 1 0
github.com/viettuan1807/go-snowflake/snowflake.go:136.42,141.59 5 0
github.com/viettuan1807/go-snowflake/snowflake.go:141.59,145.3 2 0
github.com/viettuan1807/go-snowflake/snowflake.go:148.42,150.2 1 0
github.com/viettuan1807/go-snowflake/snowflake.go:152.36,153.6 1 0
github.com/viettuan1807/go-snowflake/snowflake.go:153.6,157.17 3 0
github.com/viettuan1807/go-snowflake/snowflake.go:157.17,159.4 1 0
github.com/viettuan1807/go-snowflake/snowflake.go:161.3,161.18 1 0
github.com/viettuan1807/go-snowflake/snowflake.go:161.18,163.28 2 0
github.com/viettuan1807/go-snowflake/snowflake.go:163.28,165.5 1 0
github.com/viettuan1807/go-snowflake/snowflake.go:166.4,168.37 3 0
github.com/viettuan1807/go-snowflake/snowflake.go:168.37,171.5 2 0
github.com/viettuan1807/go-snowflake/snowflake.go:172.4,173.12 2 0
github.com/viettuan1807/go-snowflake/snowflake.go:176.3,176.48 1 0
github.com/viettuan1807/go-snowflake/snowflake.go:176.48,178.4 1 0
github.com/viettuan1807/go-snowflake/snowflake.go:182.64,183.20 1 0
github.com/viettuan1807/go-snowflake/snowflake.go:183.20,186.3 2 0
github.com/viettuan1807/go-snowflake/snowflake.go:187.2,187.75 1 0
github.com/viettuan1807/go-snowflake/snowflake.go:190.65,195.2 1 0
github.com/viettuan1807/go-snowflake/snowflake.go:197.72,199.49 2 0
github.com/viettuan1807/go-snowflake/snowflake.go:199.49,202.3 2 0
github.com/viettuan1807/go-snowflake/snowflake.go:203.2,204.27 2 0
github.com/viettuan1807/go-snowflake/snowflake.go:204.27,206.33 2 0
github.com/viettuan1807/go-snowflake/snowflake.go:206.33,208.4 1 0
github.com/viettuan1807/go-snowflake/snowflake.go:209.3,209.31 1 0
github.com/viettuan1807/go-snowflake/snowflake.go:211.2,211.12 1 0
github.com/viettuan1807/go-snowflake/snowflake.go:214.50,216.2 1 0
github.com/viettuan1807/go-snowflake/snowflake.go:218.53,219.27 1 0
github.com/viettuan1807/go-snowflake/snowflake.go:219.27,221.3 1 0
github.com/viettuan1807/go-snowflake/snowflake.go:222.2,222.54 1 0
github.com/viettuan1807/go-snowflake/snowflake.go:225.49,227.2 1 0
github.com/viettuan1807/go-snowflake/snowflake.go:229.49,231.2 1 0
